<?xml version="1.0" encoding="UTF-8"?>
<testsuite xmlns:xsi="http://www.w3.org/2001/XMLSchema-instance" xsi:noNamespaceSchemaLocation="https://maven.apache.org/surefire/maven-surefire-plugin/xsd/surefire-test-report-3.0.xsd" version="3.0" name="com.citronix.api.CitronixFarmApiApplicationTests" time="6.558" tests="1" errors="0" skipped="0" failures="0">
  <properties>
[...]
</properties>
  <testcase name="contextLoads" classname="com.citronix.api.CitronixFarmApiApplicationTests" time="0.842">
    <system-out><![CDATA[15:35:04.326 [main] INFO org.springframework.test.context.support.AnnotationConfigContextLoaderUtils -- Could not detect default configuration classes for test class [com.citronix.api.CitronixFarmApiApplicationTests]: CitronixFarmApiApplicationTests does not declare any static, non-private, non-final, nested classes annotated with @Configuration.
15:35:04.455 [main] INFO org.springframework.boot.test.context.SpringBootTestContextBootstrapper -- Found @SpringBootConfiguration com.citronix.api.CitronixFarmApiApplication for test class com.citronix.api.CitronixFarmApiApplicationTests
15:35:04.666 [main] INFO org.springframework.boot.devtools.restart.RestartApplicationListener -- Restart disabled due to context in which it is running

  .   ____          _            __ _ _
 /\\ / ___'_ __ _ _(_)_ __  __ _ \ \ \ \
( ( )\___ | '_ | '_| | '_ \/ _` | \ \ \ \
 \\/  ___)| |_)| | | | | || (_| |  ) ) ) )
  '  |____| .__|_| |_|_| |_\__, | / / / /
 =========|_|==============|___/=/_/_/_/

 :: Spring Boot ::                (v3.3.5)

2024-11-17T15:35:05.040+01:00  INFO 23824 --- [citronixFarm] [           main] c.c.api.CitronixFarmApiApplicationTests  : Starting CitronixFarmApiApplicationTests using Java 17.0.11 with PID 23824 (started by Youcode in C:\Users\Youcode\Desktop\springboot\citronix-farm-api)
2024-11-17T15:35:05.041+01:00  INFO 23824 --- [citronixFarm] [           main] c.c.api.CitronixFarmApiApplicationTests  : No active profile set, falling back to 1 default profile: "default"
2024-11-17T15:35:05.964+01:00  INFO 23824 --- [citronixFarm] [           main] .s.d.r.c.RepositoryConfigurationDelegate : Bootstrapping Spring Data JPA repositories in DEFAULT mode.
2024-11-17T15:35:05.995+01:00  INFO 23824 --- [citronixFarm] [           main] .s.d.r.c.RepositoryConfigurationDelegate : Finished Spring Data repository scanning in 20 ms. Found 0 JPA repository interfaces.
2024-11-17T15:35:06.586+01:00  INFO 23824 --- [citronixFarm] [           main] com.zaxxer.hikari.HikariDataSource       : HikariPool-1 - Starting...
2024-11-17T15:35:06.974+01:00  INFO 23824 --- [citronixFarm] [           main] com.zaxxer.hikari.pool.HikariPool        : HikariPool-1 - Added connection org.postgresql.jdbc.PgConnection@35adf623
2024-11-17T15:35:06.976+01:00  INFO 23824 --- [citronixFarm] [           main] com.zaxxer.hikari.HikariDataSource       : HikariPool-1 - Start completed.
2024-11-17T15:35:07.181+01:00  INFO 23824 --- [citronixFarm] [           main] liquibase.database                       : Set default schema name to public
2024-11-17T15:35:07.615+01:00  INFO 23824 --- [citronixFarm] [           main] liquibase.changelog                      : Creating database history table with name: public.databasechangelog
2024-11-17T15:35:07.689+01:00  INFO 23824 --- [citronixFarm] [           main] liquibase.changelog                      : Reading from public.databasechangelog
2024-11-17T15:35:07.765+01:00  INFO 23824 --- [citronixFarm] [           main] liquibase.ui                             : Database is up to date, no changesets to execute
2024-11-17T15:35:07.768+01:00  INFO 23824 --- [citronixFarm] [           main] liquibase.changelog                      : Reading from public.databasechangelog
2024-11-17T15:35:07.776+01:00  INFO 23824 --- [citronixFarm] [           main] liquibase.util                           : UPDATE SUMMARY
2024-11-17T15:35:07.776+01:00  INFO 23824 --- [citronixFarm] [           main] liquibase.util                           : Run:                          0
2024-11-17T15:35:07.776+01:00  INFO 23824 --- [citronixFarm] [           main] liquibase.util                           : Previously run:               0
2024-11-17T15:35:07.776+01:00  INFO 23824 --- [citronixFarm] [           main] liquibase.util                           : Filtered out:                 0
2024-11-17T15:35:07.776+01:00  INFO 23824 --- [citronixFarm] [           main] liquibase.util                           : -------------------------------
2024-11-17T15:35:07.776+01:00  INFO 23824 --- [citronixFarm] [           main] liquibase.util                           : Total change sets:            0
2024-11-17T15:35:07.777+01:00  INFO 23824 --- [citronixFarm] [           main] liquibase.util                           : Update summary generated
2024-11-17T15:35:07.786+01:00  INFO 23824 --- [citronixFarm] [           main] liquibase.lockservice                    : Successfully released change log lock
2024-11-17T15:35:07.789+01:00  INFO 23824 --- [citronixFarm] [           main] liquibase.command                        : Command execution complete
2024-11-17T15:35:07.923+01:00  INFO 23824 --- [citronixFarm] [           main] o.hibernate.jpa.internal.util.LogHelper  : HHH000204: Processing PersistenceUnitInfo [name: default]
2024-11-17T15:35:08.073+01:00  INFO 23824 --- [citronixFarm] [           main] org.hibernate.Version                    : HHH000412: Hibernate ORM core version 6.5.3.Final
2024-11-17T15:35:08.128+01:00  INFO 23824 --- [citronixFarm] [           main] o.h.c.internal.RegionFactoryInitiator    : HHH000026: Second-level cache disabled
2024-11-17T15:35:08.491+01:00  INFO 23824 --- [citronixFarm] [           main] o.s.o.j.p.SpringPersistenceUnitInfo      : No LoadTimeWeaver setup: ignoring JPA class transformer
2024-11-17T15:35:08.973+01:00  INFO 23824 --- [citronixFarm] [           main] o.h.e.t.j.p.i.JtaPlatformInitiator       : HHH000489: No JTA platform available (set 'hibernate.transaction.jta.platform' to enable JTA platform integration)
2024-11-17T15:35:08.979+01:00  INFO 23824 --- [citronixFarm] [           main] j.LocalContainerEntityManagerFactoryBean : Initialized JPA EntityManagerFactory for persistence unit 'default'
2024-11-17T15:35:09.186+01:00  WARN 23824 --- [citronixFarm] [           main] JpaBaseConfiguration$JpaWebConfiguration : spring.jpa.open-in-view is enabled by default. Therefore, database queries may be performed during view rendering. Explicitly configure spring.jpa.open-in-view to disable this warning
2024-11-17T15:35:09.822+01:00  INFO 23824 --- [citronixFarm] [           main] c.c.api.CitronixFarmApiApplicationTests  : Started CitronixFarmApiApplicationTests in 5.17 seconds (process running for 6.508)
]]></system-out>
  </testcase>
</testsuite>